<?xml version="1.0" encoding="UTF-8"?>
<!-- Generated by org.testng.reporters.JUnitReportReporter -->
<testsuite hostname="LTIN510419" failures="0" tests="2" name="GoMap.LandingPageTest" time="7.578" errors="0" timestamp="2024-07-05T10:26:32 IST" skipped="0">
  <testcase classname="GoMap.LandingPageTest" name="verifyLaunchApp" time="5.584"/>
  <testcase classname="GoMap.LandingPageTest" name="verifyMapLandingPage" time="1.994"/>
</testsuite> <!-- GoMap.LandingPageTest -->
